<?xml version="1.0" encoding="UTF-8"?>
<!-- Generated by org.testng.reporters.JUnitXMLReporter -->
<testsuite ignored="0" hostname="Atul" failures="0" tests="3" name="Default test" time="100.32" errors="0" timestamp="2022-06-18T22:33:22 IST">
  <testcase classname="mercury_tours.test" name="launchApp" time="48.962"/>
  <testcase classname="mercury_tours.test" name="clickRegister" time="48.79"/>
  <testcase classname="mercury_tours.test" name="filldata" time="0.493"/>
</testsuite> <!-- Default test -->
